2025-08-07 20:39:28 [main] INFO  api.test.UserTests - ************ Creating User *************
2025-08-07 20:39:34 [main] INFO  api.test.UserTests - ************ User Created *************
2025-08-07 20:39:38 [main] INFO  api.test.UserTests - ************ Updating User ************
2025-08-07 20:39:41 [main] INFO  api.test.UserTests - ************ User Updated ************
2025-08-07 20:39:41 [main] INFO  api.test.UserTests - ************ Deleting User ************
2025-08-07 20:39:44 [main] INFO  api.test.UserTests - *********** User Deleted ************
2025-08-07 20:43:55 [main] INFO  api.test.UserTests - ************ Creating User *************
2025-08-07 20:44:04 [main] INFO  api.test.UserTests - ************ User Created *************
2025-08-07 20:44:20 [main] INFO  api.test.UserTests - ************ Updating User ************
2025-08-07 20:44:24 [main] INFO  api.test.UserTests - ************ User Updated ************
2025-08-07 20:44:24 [main] INFO  api.test.UserTests - ************ Deleting User ************
2025-08-07 20:45:46 [main] INFO  api.test.UserTests - ************ Creating User *************
2025-08-07 20:45:53 [main] INFO  api.test.UserTests - ************ User Created *************
2025-08-07 20:45:56 [main] INFO  api.test.UserTests - ************ Updating User ************
2025-08-07 20:45:59 [main] INFO  api.test.UserTests - ************ User Updated ************
2025-08-07 20:45:59 [main] INFO  api.test.UserTests - ************ Deleting User ************
2025-08-07 20:46:19 [main] INFO  api.test.UserTests - ************ Creating User *************
2025-08-07 20:46:27 [main] INFO  api.test.UserTests - ************ User Created *************
2025-08-07 20:46:30 [main] INFO  api.test.UserTests - ************ Updating User ************
2025-08-07 20:46:33 [main] INFO  api.test.UserTests - ************ User Updated ************
2025-08-07 20:46:33 [main] INFO  api.test.UserTests - ************ Deleting User ************
2025-08-07 20:46:54 [main] INFO  api.test.UserTests - ************ Creating User *************
2025-08-07 20:47:01 [main] INFO  api.test.UserTests - ************ User Created *************
2025-08-07 20:47:08 [main] INFO  api.test.UserTests - ************ Updating User ************
2025-08-07 20:47:10 [main] INFO  api.test.UserTests - ************ User Updated ************
2025-08-07 20:47:10 [main] INFO  api.test.UserTests - ************ Deleting User ************
2025-08-07 20:47:11 [main] INFO  api.test.UserTests - *********** User Deleted ************
2025-08-07 20:53:05 [main] INFO  api.test.UserTests - ************ Creating User *************
2025-08-07 20:53:13 [main] INFO  api.test.UserTests - ************ User Created *************
2025-08-07 20:53:15 [main] INFO  api.test.UserTests - ************ Updating User ************
2025-08-07 20:53:16 [main] INFO  api.test.UserTests - ************ User Updated ************
2025-08-07 20:53:16 [main] INFO  api.test.UserTests - ************ Deleting User ************
2025-08-07 20:53:18 [main] INFO  api.test.UserTests - *********** User Deleted ************
2025-08-07 20:55:11 [main] INFO  api.test.UserTests - ************ Creating User *************
2025-08-07 20:55:19 [main] INFO  api.test.UserTests - ************ User Created *************
2025-08-07 20:55:22 [main] INFO  api.test.UserTests - ************ Updating User ************
2025-08-07 20:55:24 [main] INFO  api.test.UserTests - ************ User Updated ************
2025-08-07 20:55:24 [main] INFO  api.test.UserTests - ************ Deleting User ************
2025-08-07 20:55:26 [main] INFO  api.test.UserTests - *********** User Deleted ************
2025-08-07 20:56:47 [main] INFO  api.test.UserTests - ************ Creating User *************
2025-08-07 20:56:54 [main] INFO  api.test.UserTests - ************ User Created *************
2025-08-07 20:56:57 [main] INFO  api.test.UserTests - ************ Updating User ************
2025-08-07 20:57:00 [main] INFO  api.test.UserTests - ************ User Updated ************
2025-08-07 20:57:00 [main] INFO  api.test.UserTests - ************ Deleting User ************
2025-08-07 20:57:03 [main] INFO  api.test.UserTests - *********** User Deleted ************
